This file contains any messages produced by compilers while
running configure, to aid debugging if configure makes a mistake.

It was created by configure, which was
generated by GNU Autoconf 2.59 (OpenPKG-CURRENT).  Invocation command line was

  $ ./configure --prefix=/usr/local

## --------- ##
## Platform. ##
## --------- ##

hostname = one
uname -m = i686
uname -r = 2.4.25-gentoo-r2
uname -s = Linux
uname -v = #1 Fri Jun 4 16:32:39 EST 2004

/usr/bin/uname -p = Pentium II (Deschutes)
/bin/uname -X     = unknown

/bin/arch              = i686
/usr/bin/arch -k       = unknown
/usr/convex/getsysinfo = unknown
hostinfo               = unknown
/bin/machine           = unknown
/usr/bin/oslevel       = unknown
/bin/universe          = unknown

PATH: /home/nolan/apps/bin
PATH: /bin
PATH: /usr/bin
PATH: /usr/local/bin
PATH: /opt/bin
PATH: /usr/i686-pc-linux-gnu/gcc-bin/3.2
PATH: /usr/X11R6/bin
PATH: /opt/blackdown-jdk-1.4.1/bin
PATH: /opt/blackdown-jdk-1.4.1/jre/bin
PATH: /usr/qt/3/bin
PATH: /usr/kde/3.1/bin
PATH: /usr/games/bin


## ----------- ##
## Core tests. ##
## ----------- ##

configure:1472: checking whether make sets $(MAKE)
configure:1492: result: yes
configure:1547: checking for gcc
configure:1573: result: gcc
configure:1817: checking for C compiler version
configure:1820: gcc --version </dev/null >&5
gcc (GCC) 3.2.3 20030422 (Gentoo Linux 1.4 3.2.3-r1, propolice)
Copyright (C) 2002 Free Software Foundation, Inc.
This is free software; see the source for copying conditions.  There is NO
warranty; not even for MERCHANTABILITY or FITNESS FOR A PARTICULAR PURPOSE.

configure:1823: $? = 0
configure:1825: gcc -v </dev/null >&5
Reading specs from /usr/lib/gcc-lib/i686-pc-linux-gnu/3.2.3/specs
Configured with: /var/tmp/portage/gcc-3.2.3-r1/work/gcc-3.2.3/configure --prefix=/usr --bindir=/usr/i686-pc-linux-gnu/gcc-bin/3.2 --includedir=/usr/lib/gcc-lib/i686-pc-linux-gnu/3.2.3/include --datadir=/usr/share/gcc-data/i686-pc-linux-gnu/3.2 --mandir=/usr/share/gcc-data/i686-pc-linux-gnu/3.2/man --infodir=/usr/share/gcc-data/i686-pc-linux-gnu/3.2/info --enable-shared --host=i686-pc-linux-gnu --target=i686-pc-linux-gnu --with-system-zlib --enable-languages=c,c++,f77,objc,java --enable-threads=posix --enable-long-long --disable-checking --enable-cstdio=stdio --enable-clocale=generic --enable-__cxa_atexit --enable-version-specific-runtime-libs --with-gxx-include-dir=/usr/lib/gcc-lib/i686-pc-linux-gnu/3.2.3/include/g++-v3 --with-local-prefix=/usr/local --enable-shared --enable-nls --without-included-gettext
Thread model: posix
gcc version 3.2.3 20030422 (Gentoo Linux 1.4 3.2.3-r1, propolice)
configure:1828: $? = 0
configure:1830: gcc -V </dev/null >&5
gcc: argument to `-V' is missing
configure:1833: $? = 1
configure:1856: checking for C compiler default output file name
configure:1859: gcc    conftest.c  >&5
configure:1862: $? = 0
configure:1908: result: a.out
configure:1913: checking whether the C compiler works
configure:1919: ./a.out
configure:1922: $? = 0
configure:1939: result: yes
configure:1946: checking whether we are cross compiling
configure:1948: result: no
configure:1951: checking for suffix of executables
configure:1953: gcc -o conftest    conftest.c  >&5
configure:1956: $? = 0
configure:1981: result: 
configure:1987: checking for suffix of object files
configure:2008: gcc -c   conftest.c >&5
configure:2011: $? = 0
configure:2033: result: o
configure:2037: checking whether we are using the GNU C compiler
configure:2061: gcc -c   conftest.c >&5
configure:2067: $? = 0
configure:2071: test -z 
			 || test ! -s conftest.err
configure:2074: $? = 0
configure:2077: test -s conftest.o
configure:2080: $? = 0
configure:2093: result: yes
configure:2099: checking whether gcc accepts -g
configure:2120: gcc -c -g  conftest.c >&5
configure:2126: $? = 0
configure:2130: test -z 
			 || test ! -s conftest.err
configure:2133: $? = 0
configure:2136: test -s conftest.o
configure:2139: $? = 0
configure:2150: result: yes
configure:2167: checking for gcc option to accept ANSI C
configure:2237: gcc  -c -g -O2  conftest.c >&5
configure:2243: $? = 0
configure:2247: test -z 
			 || test ! -s conftest.err
configure:2250: $? = 0
configure:2253: test -s conftest.o
configure:2256: $? = 0
configure:2274: result: none needed
configure:2292: gcc -c -g -O2  conftest.c >&5
conftest.c:2: parse error before "me"
configure:2298: $? = 1
configure: failed program was:
| #ifndef __cplusplus
|   choke me
| #endif
configure:2720: checking whether compiler option(s) -pipe work
configure:2744: gcc -c -g -O2 -pipe  conftest.c >&5
configure:2750: $? = 0
configure:2754: test -z 
			 || test ! -s conftest.err
configure:2757: $? = 0
configure:2760: test -s conftest.o
configure:2763: $? = 0
configure:2781: result: yes
configure:2796: checking for compilation debug mode
configure:2798: result: disabled
configure:3370: checking build system type
configure:3388: result: i686-pc-linux-gnu
configure:3396: checking host system type
configure:3410: result: i686-pc-linux-gnu
configure:3418: checking for a sed that does not truncate output
configure:3472: result: /bin/sed
configure:3475: checking for egrep
configure:3485: result: grep -E
configure:3501: checking for ld used by gcc
configure:3568: result: /usr/i686-pc-linux-gnu/bin/ld
configure:3577: checking if the linker (/usr/i686-pc-linux-gnu/bin/ld) is GNU ld
configure:3592: result: yes
configure:3597: checking for /usr/i686-pc-linux-gnu/bin/ld option to reload object files
configure:3604: result: -r
configure:3613: checking for BSD-compatible nm
configure:3655: result: /usr/bin/nm -B
configure:3659: checking whether ln -s works
configure:3663: result: yes
configure:3670: checking how to recognise dependent libraries
configure:3853: result: pass_all
configure:4066: checking how to run the C preprocessor
configure:4101: gcc -E  conftest.c
configure:4107: $? = 0
configure:4139: gcc -E  conftest.c
conftest.c:9:28: ac_nonexistent.h: No such file or directory
configure:4145: $? = 1
configure: failed program was:
| /* confdefs.h.  */
| 
| #define PACKAGE_NAME ""
| #define PACKAGE_TARNAME ""
| #define PACKAGE_VERSION ""
| #define PACKAGE_STRING ""
| #define PACKAGE_BUGREPORT ""
| /* end confdefs.h.  */
| #include <ac_nonexistent.h>
configure:4184: result: gcc -E
configure:4208: gcc -E  conftest.c
configure:4214: $? = 0
configure:4246: gcc -E  conftest.c
conftest.c:9:28: ac_nonexistent.h: No such file or directory
configure:4252: $? = 1
configure: failed program was:
| /* confdefs.h.  */
| 
| #define PACKAGE_NAME ""
| #define PACKAGE_TARNAME ""
| #define PACKAGE_VERSION ""
| #define PACKAGE_STRING ""
| #define PACKAGE_BUGREPORT ""
| /* end confdefs.h.  */
| #include <ac_nonexistent.h>
configure:4296: checking for ANSI C header files
configure:4321: gcc -c -O2 -pipe  conftest.c >&5
configure:4327: $? = 0
configure:4331: test -z 
			 || test ! -s conftest.err
configure:4334: $? = 0
configure:4337: test -s conftest.o
configure:4340: $? = 0
configure:4426: gcc -o conftest -O2 -pipe   conftest.c  >&5
configure:4429: $? = 0
configure:4431: ./conftest
configure:4434: $? = 0
configure:4449: result: yes
configure:4473: checking for sys/types.h
configure:4489: gcc -c -O2 -pipe  conftest.c >&5
configure:4495: $? = 0
configure:4499: test -z 
			 || test ! -s conftest.err
configure:4502: $? = 0
configure:4505: test -s conftest.o
configure:4508: $? = 0
configure:4519: result: yes
configure:4473: checking for sys/stat.h
configure:4489: gcc -c -O2 -pipe  conftest.c >&5
configure:4495: $? = 0
configure:4499: test -z 
			 || test ! -s conftest.err
configure:4502: $? = 0
configure:4505: test -s conftest.o
configure:4508: $? = 0
configure:4519: result: yes
configure:4473: checking for stdlib.h
configure:4489: gcc -c -O2 -pipe  conftest.c >&5
configure:4495: $? = 0
configure:4499: test -z 
			 || test ! -s conftest.err
configure:4502: $? = 0
configure:4505: test -s conftest.o
configure:4508: $? = 0
configure:4519: result: yes
configure:4473: checking for string.h
configure:4489: gcc -c -O2 -pipe  conftest.c >&5
configure:4495: $? = 0
configure:4499: test -z 
			 || test ! -s conftest.err
configure:4502: $? = 0
configure:4505: test -s conftest.o
configure:4508: $? = 0
configure:4519: result: yes
configure:4473: checking for memory.h
configure:4489: gcc -c -O2 -pipe  conftest.c >&5
configure:4495: $? = 0
configure:4499: test -z 
			 || test ! -s conftest.err
configure:4502: $? = 0
configure:4505: test -s conftest.o
configure:4508: $? = 0
configure:4519: result: yes
configure:4473: checking for strings.h
configure:4489: gcc -c -O2 -pipe  conftest.c >&5
configure:4495: $? = 0
configure:4499: test -z 
			 || test ! -s conftest.err
configure:4502: $? = 0
configure:4505: test -s conftest.o
configure:4508: $? = 0
configure:4519: result: yes
configure:4473: checking for inttypes.h
configure:4489: gcc -c -O2 -pipe  conftest.c >&5
configure:4495: $? = 0
configure:4499: test -z 
			 || test ! -s conftest.err
configure:4502: $? = 0
configure:4505: test -s conftest.o
configure:4508: $? = 0
configure:4519: result: yes
configure:4473: checking for stdint.h
configure:4489: gcc -c -O2 -pipe  conftest.c >&5
configure:4495: $? = 0
configure:4499: test -z 
			 || test ! -s conftest.err
configure:4502: $? = 0
configure:4505: test -s conftest.o
configure:4508: $? = 0
configure:4519: result: yes
configure:4473: checking for unistd.h
configure:4489: gcc -c -O2 -pipe  conftest.c >&5
configure:4495: $? = 0
configure:4499: test -z 
			 || test ! -s conftest.err
configure:4502: $? = 0
configure:4505: test -s conftest.o
configure:4508: $? = 0
configure:4519: result: yes
configure:4545: checking dlfcn.h usability
configure:4557: gcc -c -O2 -pipe  conftest.c >&5
configure:4563: $? = 0
configure:4567: test -z 
			 || test ! -s conftest.err
configure:4570: $? = 0
configure:4573: test -s conftest.o
configure:4576: $? = 0
configure:4586: result: yes
configure:4590: checking dlfcn.h presence
configure:4600: gcc -E  conftest.c
configure:4606: $? = 0
configure:4626: result: yes
configure:4661: checking for dlfcn.h
configure:4668: result: yes
configure:4690: checking the maximum length of command line arguments
configure:4755: result: 32768
configure:4766: checking command to parse /usr/bin/nm -B output from gcc object
configure:4855: gcc -c -O2 -pipe  conftest.c >&5
configure:4858: $? = 0
configure:4862: /usr/bin/nm -B conftest.o \| sed -n -e 's/^.*[ 	]\([ABCDGIRSTW][ABCDGIRSTW]*\)[ 	][ 	]*\(\)\([_A-Za-z][_A-Za-z0-9]*\)$/\1 \2\3 \3/p' \> conftest.nm
configure:4865: $? = 0
configure:4917: gcc -o conftest -O2 -pipe   conftest.c conftstm.o >&5
configure:4920: $? = 0
configure:4958: result: ok
configure:4962: checking for objdir
configure:4977: result: .libs
configure:5067: checking for ar
configure:5083: found /usr/bin/ar
configure:5094: result: ar
configure:5147: checking for ranlib
configure:5163: found /usr/bin/ranlib
configure:5174: result: ranlib
configure:5227: checking for strip
configure:5243: found /usr/bin/strip
configure:5254: result: strip
configure:5516: checking if gcc static flag  works
configure:5539: result: yes
configure:5561: checking if gcc supports -fno-rtti -fno-exceptions
configure:5582: gcc -c -O2 -pipe  -fno-rtti -fno-exceptions conftest.c >&5
configure:5586: $? = 0
configure:5594: result: yes
configure:5609: checking for gcc option to produce PIC
configure:5786: result: -fPIC
configure:5794: checking if gcc PIC flag -fPIC works
configure:5815: gcc -c -O2 -pipe  -fPIC -DPIC conftest.c >&5
configure:5819: $? = 0
configure:5827: result: yes
configure:5851: checking if gcc supports -c -o file.o
configure:5875: gcc -c -O2 -pipe  -o out/conftest2.o conftest.c >&5
configure:5879: $? = 0
configure:5896: result: yes
configure:5922: checking whether the gcc linker (/usr/i686-pc-linux-gnu/bin/ld) supports shared libraries
configure:6770: result: yes
configure:6796: checking whether -lc should be explicitly linked in
configure:6801: gcc -c -O2 -pipe  conftest.c >&5
configure:6804: $? = 0
configure:6818: gcc -shared conftest.o  -v -Wl,-soname -Wl,conftest -o conftest 2\>\&1 \| grep  -lc  \>/dev/null 2\>\&1
configure:6821: $? = 0
configure:6833: result: no
configure:6841: checking dynamic linker characteristics
configure:7381: result: GNU/Linux ld.so
configure:7385: checking how to hardcode library paths into programs
configure:7410: result: immediate
configure:7424: checking whether stripping libraries is possible
configure:7429: result: yes
configure:8259: checking if libtool supports shared libraries
configure:8261: result: yes
configure:8264: checking whether to build shared libraries
configure:8322: result: yes
configure:8325: checking whether to build static libraries
configure:8329: result: yes
configure:8421: creating libtool
configure:18378: checking for gethostname in -lnsl
configure:18408: gcc -o conftest -O2 -pipe   conftest.c -lnsl   >&5
configure:18414: $? = 0
configure:18418: test -z 
			 || test ! -s conftest.err
configure:18421: $? = 0
configure:18424: test -s conftest
configure:18427: $? = 0
configure:18440: result: yes
configure:18528: checking for accept in -lsocket
configure:18558: gcc -o conftest -O2 -pipe   conftest.c -lsocket  -lnsl  >&5
/usr/lib/gcc-lib/i686-pc-linux-gnu/3.2.3/../../../../i686-pc-linux-gnu/bin/ld: cannot find -lsocket
collect2: ld returned 1 exit status
configure:18564: $? = 1
configure: failed program was:
| /* confdefs.h.  */
| 
| #define PACKAGE_NAME ""
| #define PACKAGE_TARNAME ""
| #define PACKAGE_VERSION ""
| #define PACKAGE_STRING ""
| #define PACKAGE_BUGREPORT ""
| #define STDC_HEADERS 1
| #define HAVE_SYS_TYPES_H 1
| #define HAVE_SYS_STAT_H 1
| #define HAVE_STDLIB_H 1
| #define HAVE_STRING_H 1
| #define HAVE_MEMORY_H 1
| #define HAVE_STRINGS_H 1
| #define HAVE_INTTYPES_H 1
| #define HAVE_STDINT_H 1
| #define HAVE_UNISTD_H 1
| #define HAVE_DLFCN_H 1
| #define HAVE_LIBNSL 1
| /* end confdefs.h.  */
| 
| /* Override any gcc2 internal prototype to avoid an error.  */
| #ifdef __cplusplus
| extern "C"
| #endif
| /* We use char because int might match the return type of a gcc2
|    builtin and then its argument prototype would still apply.  */
| char accept ();
| int
| main ()
| {
| accept ();
|   ;
|   return 0;
| }
configure:18590: result: no
configure:18612: checking for sys/types.h
configure:18617: result: yes
configure:18621: checking sys/param.h usability
configure:18633: gcc -c -O2 -pipe  conftest.c >&5
configure:18639: $? = 0
configure:18643: test -z 
			 || test ! -s conftest.err
configure:18646: $? = 0
configure:18649: test -s conftest.o
configure:18652: $? = 0
configure:18662: result: yes
configure:18666: checking sys/param.h presence
configure:18676: gcc -E  conftest.c
configure:18682: $? = 0
configure:18702: result: yes
configure:18737: checking for sys/param.h
configure:18744: result: yes
configure:18621: checking sys/time.h usability
configure:18633: gcc -c -O2 -pipe  conftest.c >&5
configure:18639: $? = 0
configure:18643: test -z 
			 || test ! -s conftest.err
configure:18646: $? = 0
configure:18649: test -s conftest.o
configure:18652: $? = 0
configure:18662: result: yes
configure:18666: checking sys/time.h presence
configure:18676: gcc -E  conftest.c
configure:18682: $? = 0
configure:18702: result: yes
configure:18737: checking for sys/time.h
configure:18744: result: yes
configure:18621: checking sys/socket.h usability
configure:18633: gcc -c -O2 -pipe  conftest.c >&5
configure:18639: $? = 0
configure:18643: test -z 
			 || test ! -s conftest.err
configure:18646: $? = 0
configure:18649: test -s conftest.o
configure:18652: $? = 0
configure:18662: result: yes
configure:18666: checking sys/socket.h presence
configure:18676: gcc -E  conftest.c
configure:18682: $? = 0
configure:18702: result: yes
configure:18737: checking for sys/socket.h
configure:18744: result: yes
configure:18621: checking sys/sockio.h usability
configure:18633: gcc -c -O2 -pipe  conftest.c >&5
conftest.c:59:24: sys/sockio.h: No such file or directory
configure:18639: $? = 1
configure: failed program was:
| /* confdefs.h.  */
| 
| #define PACKAGE_NAME ""
| #define PACKAGE_TARNAME ""
| #define PACKAGE_VERSION ""
| #define PACKAGE_STRING ""
| #define PACKAGE_BUGREPORT ""
| #define STDC_HEADERS 1
| #define HAVE_SYS_TYPES_H 1
| #define HAVE_SYS_STAT_H 1
| #define HAVE_STDLIB_H 1
| #define HAVE_STRING_H 1
| #define HAVE_MEMORY_H 1
| #define HAVE_STRINGS_H 1
| #define HAVE_INTTYPES_H 1
| #define HAVE_STDINT_H 1
| #define HAVE_UNISTD_H 1
| #define HAVE_DLFCN_H 1
| #define HAVE_LIBNSL 1
| #define HAVE_SYS_TYPES_H 1
| #define HAVE_SYS_PARAM_H 1
| #define HAVE_SYS_TIME_H 1
| #define HAVE_SYS_SOCKET_H 1
| /* end confdefs.h.  */
| #include <stdio.h>
| #if HAVE_SYS_TYPES_H
| # include <sys/types.h>
| #endif
| #if HAVE_SYS_STAT_H
| # include <sys/stat.h>
| #endif
| #if STDC_HEADERS
| # include <stdlib.h>
| # include <stddef.h>
| #else
| # if HAVE_STDLIB_H
| #  include <stdlib.h>
| # endif
| #endif
| #if HAVE_STRING_H
| # if !STDC_HEADERS && HAVE_MEMORY_H
| #  include <memory.h>
| # endif
| # include <string.h>
| #endif
| #if HAVE_STRINGS_H
| # include <strings.h>
| #endif
| #if HAVE_INTTYPES_H
| # include <inttypes.h>
| #else
| # if HAVE_STDINT_H
| #  include <stdint.h>
| # endif
| #endif
| #if HAVE_UNISTD_H
| # include <unistd.h>
| #endif
| #include <sys/sockio.h>
configure:18662: result: no
configure:18666: checking sys/sockio.h presence
configure:18676: gcc -E  conftest.c
conftest.c:25:24: sys/sockio.h: No such file or directory
configure:18682: $? = 1
configure: failed program was:
| /* confdefs.h.  */
| 
| #define PACKAGE_NAME ""
| #define PACKAGE_TARNAME ""
| #define PACKAGE_VERSION ""
| #define PACKAGE_STRING ""
| #define PACKAGE_BUGREPORT ""
| #define STDC_HEADERS 1
| #define HAVE_SYS_TYPES_H 1
| #define HAVE_SYS_STAT_H 1
| #define HAVE_STDLIB_H 1
| #define HAVE_STRING_H 1
| #define HAVE_MEMORY_H 1
| #define HAVE_STRINGS_H 1
| #define HAVE_INTTYPES_H 1
| #define HAVE_STDINT_H 1
| #define HAVE_UNISTD_H 1
| #define HAVE_DLFCN_H 1
| #define HAVE_LIBNSL 1
| #define HAVE_SYS_TYPES_H 1
| #define HAVE_SYS_PARAM_H 1
| #define HAVE_SYS_TIME_H 1
| #define HAVE_SYS_SOCKET_H 1
| /* end confdefs.h.  */
| #include <sys/sockio.h>
configure:18702: result: no
configure:18737: checking for sys/sockio.h
configure:18744: result: no
configure:18621: checking sys/ioctl.h usability
configure:18633: gcc -c -O2 -pipe  conftest.c >&5
configure:18639: $? = 0
configure:18643: test -z 
			 || test ! -s conftest.err
configure:18646: $? = 0
configure:18649: test -s conftest.o
configure:18652: $? = 0
configure:18662: result: yes
configure:18666: checking sys/ioctl.h presence
configure:18676: gcc -E  conftest.c
configure:18682: $? = 0
configure:18702: result: yes
configure:18737: checking for sys/ioctl.h
configure:18744: result: yes
configure:18767: checking for netdb.h
configure:18793: gcc -c -O2 -pipe  conftest.c >&5
configure:18799: $? = 0
configure:18803: test -z 
			 || test ! -s conftest.err
configure:18806: $? = 0
configure:18809: test -s conftest.o
configure:18812: $? = 0
configure:18823: result: yes
configure:18767: checking for ifaddrs.h
configure:18793: gcc -c -O2 -pipe  conftest.c >&5
configure:18799: $? = 0
configure:18803: test -z 
			 || test ! -s conftest.err
configure:18806: $? = 0
configure:18809: test -s conftest.o
configure:18812: $? = 0
configure:18823: result: yes
configure:18767: checking for net/if.h
configure:18793: gcc -c -O2 -pipe  conftest.c >&5
configure:18799: $? = 0
configure:18803: test -z 
			 || test ! -s conftest.err
configure:18806: $? = 0
configure:18809: test -s conftest.o
configure:18812: $? = 0
configure:18823: result: yes
configure:18767: checking for net/if_dl.h
configure:18793: gcc -c -O2 -pipe  conftest.c >&5
conftest.c:41:23: net/if_dl.h: No such file or directory
configure:18799: $? = 1
configure: failed program was:
| /* confdefs.h.  */
| 
| #define PACKAGE_NAME ""
| #define PACKAGE_TARNAME ""
| #define PACKAGE_VERSION ""
| #define PACKAGE_STRING ""
| #define PACKAGE_BUGREPORT ""
| #define STDC_HEADERS 1
| #define HAVE_SYS_TYPES_H 1
| #define HAVE_SYS_STAT_H 1
| #define HAVE_STDLIB_H 1
| #define HAVE_STRING_H 1
| #define HAVE_MEMORY_H 1
| #define HAVE_STRINGS_H 1
| #define HAVE_INTTYPES_H 1
| #define HAVE_STDINT_H 1
| #define HAVE_UNISTD_H 1
| #define HAVE_DLFCN_H 1
| #define HAVE_LIBNSL 1
| #define HAVE_SYS_TYPES_H 1
| #define HAVE_SYS_PARAM_H 1
| #define HAVE_SYS_TIME_H 1
| #define HAVE_SYS_SOCKET_H 1
| #define HAVE_SYS_IOCTL_H 1
| #define HAVE_NETDB_H 1
| #define HAVE_IFADDRS_H 1
| #define HAVE_NET_IF_H 1
| /* end confdefs.h.  */
| 
| #if HAVE_SYS_TYPES_H
| #include <sys/types.h>
| #endif
| #if HAVE_SYS_SOCKET_H
| #include <sys/socket.h>
| #endif
| #if HAVE_SYS_IOCTL_H
| #include <sys/ioctl.h>
| #endif
| 
| 
| #include <net/if_dl.h>
configure:18823: result: no
configure:18767: checking for net/if_arp.h
configure:18793: gcc -c -O2 -pipe  conftest.c >&5
configure:18799: $? = 0
configure:18803: test -z 
			 || test ! -s conftest.err
configure:18806: $? = 0
configure:18809: test -s conftest.o
configure:18812: $? = 0
configure:18823: result: yes
configure:18767: checking for netinet/in.h
configure:18793: gcc -c -O2 -pipe  conftest.c >&5
configure:18799: $? = 0
configure:18803: test -z 
			 || test ! -s conftest.err
configure:18806: $? = 0
configure:18809: test -s conftest.o
configure:18812: $? = 0
configure:18823: result: yes
configure:18767: checking for arpa/inet.h
configure:18793: gcc -c -O2 -pipe  conftest.c >&5
configure:18799: $? = 0
configure:18803: test -z 
			 || test ! -s conftest.err
configure:18806: $? = 0
configure:18809: test -s conftest.o
configure:18812: $? = 0
configure:18823: result: yes
configure:18840: checking for getifaddrs
configure:18897: gcc -o conftest -O2 -pipe   conftest.c -lnsl  >&5
configure:18903: $? = 0
configure:18907: test -z 
			 || test ! -s conftest.err
configure:18910: $? = 0
configure:18913: test -s conftest
configure:18916: $? = 0
configure:18928: result: yes
configure:18840: checking for nanosleep
configure:18897: gcc -o conftest -O2 -pipe   conftest.c -lnsl  >&5
configure:18903: $? = 0
configure:18907: test -z 
			 || test ! -s conftest.err
configure:18910: $? = 0
configure:18913: test -s conftest
configure:18916: $? = 0
configure:18928: result: yes
configure:18939: checking for long long
configure:18963: gcc -c -O2 -pipe  conftest.c >&5
configure:18969: $? = 0
configure:18973: test -z 
			 || test ! -s conftest.err
configure:18976: $? = 0
configure:18979: test -s conftest.o
configure:18982: $? = 0
configure:18993: result: yes
configure:19003: checking for long double
configure:19027: gcc -c -O2 -pipe  conftest.c >&5
configure:19033: $? = 0
configure:19037: test -z 
			 || test ! -s conftest.err
configure:19040: $? = 0
configure:19043: test -s conftest.o
configure:19046: $? = 0
configure:19057: result: yes
configure:19068: checking for char
configure:19092: gcc -c -O2 -pipe  conftest.c >&5
configure:19098: $? = 0
configure:19102: test -z 
			 || test ! -s conftest.err
configure:19105: $? = 0
configure:19108: test -s conftest.o
configure:19111: $? = 0
configure:19122: result: yes
configure:19125: checking size of char
configure:19444: gcc -o conftest -O2 -pipe   conftest.c -lnsl  >&5
configure:19447: $? = 0
configure:19449: ./conftest
configure:19452: $? = 0
configure:19475: result: 1
configure:19482: checking for unsigned char
configure:19506: gcc -c -O2 -pipe  conftest.c >&5
configure:19512: $? = 0
configure:19516: test -z 
			 || test ! -s conftest.err
configure:19519: $? = 0
configure:19522: test -s conftest.o
configure:19525: $? = 0
configure:19536: result: yes
configure:19539: checking size of unsigned char
configure:19858: gcc -o conftest -O2 -pipe   conftest.c -lnsl  >&5
configure:19861: $? = 0
configure:19863: ./conftest
configure:19866: $? = 0
configure:19889: result: 1
configure:19896: checking for short
configure:19920: gcc -c -O2 -pipe  conftest.c >&5
configure:19926: $? = 0
configure:19930: test -z 
			 || test ! -s conftest.err
configure:19933: $? = 0
configure:19936: test -s conftest.o
configure:19939: $? = 0
configure:19950: result: yes
configure:19953: checking size of short
configure:20272: gcc -o conftest -O2 -pipe   conftest.c -lnsl  >&5
configure:20275: $? = 0
configure:20277: ./conftest
configure:20280: $? = 0
configure:20303: result: 2
configure:20310: checking for unsigned short
configure:20334: gcc -c -O2 -pipe  conftest.c >&5
configure:20340: $? = 0
configure:20344: test -z 
			 || test ! -s conftest.err
configure:20347: $? = 0
configure:20350: test -s conftest.o
configure:20353: $? = 0
configure:20364: result: yes
configure:20367: checking size of unsigned short
configure:20686: gcc -o conftest -O2 -pipe   conftest.c -lnsl  >&5
configure:20689: $? = 0
configure:20691: ./conftest
configure:20694: $? = 0
configure:20717: result: 2
configure:20724: checking for int
configure:20748: gcc -c -O2 -pipe  conftest.c >&5
configure:20754: $? = 0
configure:20758: test -z 
			 || test ! -s conftest.err
configure:20761: $? = 0
configure:20764: test -s conftest.o
configure:20767: $? = 0
configure:20778: result: yes
configure:20781: checking size of int
configure:21100: gcc -o conftest -O2 -pipe   conftest.c -lnsl  >&5
configure:21103: $? = 0
configure:21105: ./conftest
configure:21108: $? = 0
configure:21131: result: 4
configure:21138: checking for unsigned int
configure:21162: gcc -c -O2 -pipe  conftest.c >&5
configure:21168: $? = 0
configure:21172: test -z 
			 || test ! -s conftest.err
configure:21175: $? = 0
configure:21178: test -s conftest.o
configure:21181: $? = 0
configure:21192: result: yes
configure:21195: checking size of unsigned int
configure:21514: gcc -o conftest -O2 -pipe   conftest.c -lnsl  >&5
configure:21517: $? = 0
configure:21519: ./conftest
configure:21522: $? = 0
configure:21545: result: 4
configure:21552: checking for long
configure:21576: gcc -c -O2 -pipe  conftest.c >&5
configure:21582: $? = 0
configure:21586: test -z 
			 || test ! -s conftest.err
configure:21589: $? = 0
configure:21592: test -s conftest.o
configure:21595: $? = 0
configure:21606: result: yes
configure:21609: checking size of long
configure:21928: gcc -o conftest -O2 -pipe   conftest.c -lnsl  >&5
configure:21931: $? = 0
configure:21933: ./conftest
configure:21936: $? = 0
configure:21959: result: 4
configure:21966: checking for unsigned long
configure:21990: gcc -c -O2 -pipe  conftest.c >&5
configure:21996: $? = 0
configure:22000: test -z 
			 || test ! -s conftest.err
configure:22003: $? = 0
configure:22006: test -s conftest.o
configure:22009: $? = 0
configure:22020: result: yes
configure:22023: checking size of unsigned long
configure:22342: gcc -o conftest -O2 -pipe   conftest.c -lnsl  >&5
configure:22345: $? = 0
configure:22347: ./conftest
configure:22350: $? = 0
configure:22373: result: 4
configure:22380: checking for long long
configure:22434: result: yes
configure:22437: checking size of long long
configure:22756: gcc -o conftest -O2 -pipe   conftest.c -lnsl  >&5
configure:22759: $? = 0
configure:22761: ./conftest
configure:22764: $? = 0
configure:22787: result: 8
configure:22794: checking for unsigned long long
configure:22818: gcc -c -O2 -pipe  conftest.c >&5
configure:22824: $? = 0
configure:22828: test -z 
			 || test ! -s conftest.err
configure:22831: $? = 0
configure:22834: test -s conftest.o
configure:22837: $? = 0
configure:22848: result: yes
configure:22851: checking size of unsigned long long
configure:23170: gcc -o conftest -O2 -pipe   conftest.c -lnsl  >&5
configure:23173: $? = 0
configure:23175: ./conftest
configure:23178: $? = 0
configure:23201: result: 8
configure:23334: creating ./config.status

## ---------------------- ##
## Running config.status. ##
## ---------------------- ##

This file was extended by config.status, which was
generated by GNU Autoconf 2.59 (OpenPKG-CURRENT).  Invocation command line was

  CONFIG_FILES    = 
  CONFIG_HEADERS  = 
  CONFIG_LINKS    = 
  CONFIG_COMMANDS = 
  $ ./config.status 

on one

config.status:671: creating Makefile
config.status:671: creating uuid-config
config.status:671: creating uuid.h
config.status:774: creating config.h
config.status:948: config.h is unchanged
config.status:1106: executing adjustment commands

## ---------------- ##
## Cache variables. ##
## ---------------- ##

ac_cv_build=i686-pc-linux-gnu
ac_cv_build_alias=i686-pc-linux-gnu
ac_cv_c_compiler_gnu=yes
ac_cv_compiler_option_pipe=yes
ac_cv_env_CC_set=set
ac_cv_env_CC_value=gcc
ac_cv_env_CFLAGS_set=
ac_cv_env_CFLAGS_value=
ac_cv_env_CPPFLAGS_set=
ac_cv_env_CPPFLAGS_value=
ac_cv_env_CPP_set=
ac_cv_env_CPP_value=
ac_cv_env_LDFLAGS_set=
ac_cv_env_LDFLAGS_value=
ac_cv_env_build_alias_set=
ac_cv_env_build_alias_value=
ac_cv_env_host_alias_set=
ac_cv_env_host_alias_value=
ac_cv_env_target_alias_set=
ac_cv_env_target_alias_value=
ac_cv_exeext=
ac_cv_func_getifaddrs=yes
ac_cv_func_nanosleep=yes
ac_cv_header_arpa_inet_h=yes
ac_cv_header_dlfcn_h=yes
ac_cv_header_ifaddrs_h=yes
ac_cv_header_inttypes_h=yes
ac_cv_header_memory_h=yes
ac_cv_header_net_if_arp_h=yes
ac_cv_header_net_if_dl_h=no
ac_cv_header_net_if_h=yes
ac_cv_header_netdb_h=yes
ac_cv_header_netinet_in_h=yes
ac_cv_header_stdc=yes
ac_cv_header_stdint_h=yes
ac_cv_header_stdlib_h=yes
ac_cv_header_string_h=yes
ac_cv_header_strings_h=yes
ac_cv_header_sys_ioctl_h=yes
ac_cv_header_sys_param_h=yes
ac_cv_header_sys_socket_h=yes
ac_cv_header_sys_sockio_h=no
ac_cv_header_sys_stat_h=yes
ac_cv_header_sys_time_h=yes
ac_cv_header_sys_types_h=yes
ac_cv_header_unistd_h=yes
ac_cv_host=i686-pc-linux-gnu
ac_cv_host_alias=i686-pc-linux-gnu
ac_cv_lib_nsl_gethostname=yes
ac_cv_lib_socket_accept=no
ac_cv_objext=o
ac_cv_prog_CPP='gcc -E'
ac_cv_prog_ac_ct_AR=ar
ac_cv_prog_ac_ct_CC=gcc
ac_cv_prog_ac_ct_RANLIB=ranlib
ac_cv_prog_ac_ct_STRIP=strip
ac_cv_prog_cc_g=yes
ac_cv_prog_cc_stdc=
ac_cv_prog_egrep='grep -E'
ac_cv_prog_make_make_set=yes
ac_cv_sizeof_char=1
ac_cv_sizeof_int=4
ac_cv_sizeof_long=4
ac_cv_sizeof_long_long=8
ac_cv_sizeof_short=2
ac_cv_sizeof_unsigned_char=1
ac_cv_sizeof_unsigned_int=4
ac_cv_sizeof_unsigned_long=4
ac_cv_sizeof_unsigned_long_long=8
ac_cv_sizeof_unsigned_short=2
ac_cv_type_char=yes
ac_cv_type_int=yes
ac_cv_type_long=yes
ac_cv_type_long_double=yes
ac_cv_type_long_long=yes
ac_cv_type_short=yes
ac_cv_type_unsigned_char=yes
ac_cv_type_unsigned_int=yes
ac_cv_type_unsigned_long=yes
ac_cv_type_unsigned_long_long=yes
ac_cv_type_unsigned_short=yes
ac_cv_with_dce=no
lt_cv_deplibs_check_method=pass_all
lt_cv_file_magic_cmd='$MAGIC_CMD'
lt_cv_file_magic_test_file='/lib/libc.so.6 /lib/libc-2.3.2.so'
lt_cv_ld_reload_flag=-r
lt_cv_objdir=.libs
lt_cv_path_LD=/usr/i686-pc-linux-gnu/bin/ld
lt_cv_path_NM='/usr/bin/nm -B'
lt_cv_path_SED=/bin/sed
lt_cv_prog_compiler_c_o=yes
lt_cv_prog_compiler_rtti_exceptions=yes
lt_cv_prog_gnu_ld=yes
lt_cv_sys_global_symbol_pipe='sed -n -e '\''s/^.*[ 	]\([ABCDGIRSTW][ABCDGIRSTW]*\)[ 	][ 	]*\(\)\([_A-Za-z][_A-Za-z0-9]*\)$/\1 \2\3 \3/p'\'''
lt_cv_sys_global_symbol_to_c_name_address='sed -n -e '\''s/^: \([^ ]*\) $/  {\"\1\", (lt_ptr) 0},/p'\'' -e '\''s/^[BCDEGRST] \([^ ]*\) \([^ ]*\)$/  {"\2", (lt_ptr) \&\2},/p'\'''
lt_cv_sys_global_symbol_to_cdecl='sed -n -e '\''s/^. .* \(.*\)$/extern int \1;/p'\'''
lt_cv_sys_max_cmd_len=32768
lt_lt_cv_prog_compiler_c_o='"yes"'
lt_lt_cv_sys_global_symbol_pipe='"sed -n -e '\''s/^.*[ 	]\\([ABCDGIRSTW][ABCDGIRSTW]*\\)[ 	][ 	]*\\(\\)\\([_A-Za-z][_A-Za-z0-9]*\\)\$/\\1 \\2\\3 \\3/p'\''"'
lt_lt_cv_sys_global_symbol_to_c_name_address='"sed -n -e '\''s/^: \\([^ ]*\\) \$/  {\\\"\\1\\\", (lt_ptr) 0},/p'\'' -e '\''s/^[BCDEGRST] \\([^ ]*\\) \\([^ ]*\\)\$/  {\"\\2\", (lt_ptr) \\&\\2},/p'\''"'
lt_lt_cv_sys_global_symbol_to_cdecl='"sed -n -e '\''s/^. .* \\(.*\\)\$/extern int \\1;/p'\''"'

## ----------------- ##
## Output variables. ##
## ----------------- ##

AR='ar'
CC='gcc'
CFLAGS='-O2 -pipe'
CPP='gcc -E'
CPPFLAGS=''
DCE_NAME=''
DEFS='-DHAVE_CONFIG_H'
ECHO='echo'
ECHO_C=''
ECHO_N='-n'
ECHO_T=''
EGREP='grep -E'
EXEEXT=''
LDFLAGS=''
LIBOBJS=''
LIBS='-lnsl '
LIBTOOL='$(SHELL) $(top_builddir)/libtool'
LN_S='ln -s'
LTLIBOBJS=''
OBJEXT='o'
PACKAGE_BUGREPORT=''
PACKAGE_NAME=''
PACKAGE_STRING=''
PACKAGE_TARNAME=''
PACKAGE_VERSION=''
PATH_SEPARATOR=':'
RANLIB='ranlib'
SET_MAKE=''
SHELL='/bin/sh'
STRIP='strip'
UUID_VERSION_HEX='0x100200'
UUID_VERSION_STR='1.0.0 (16-Feb-2004)'
WITH_DCE='no'
ac_ct_AR='ar'
ac_ct_CC='gcc'
ac_ct_RANLIB='ranlib'
ac_ct_STRIP='strip'
bindir='${exec_prefix}/bin'
build='i686-pc-linux-gnu'
build_alias=''
build_cpu='i686'
build_os='linux-gnu'
build_vendor='pc'
datadir='${prefix}/share'
exec_prefix='${prefix}'
host='i686-pc-linux-gnu'
host_alias=''
host_cpu='i686'
host_os='linux-gnu'
host_vendor='pc'
includedir='${prefix}/include'
infodir='${prefix}/info'
libdir='${exec_prefix}/lib'
libexecdir='${exec_prefix}/libexec'
localstatedir='${prefix}/var'
mandir='${prefix}/man'
oldincludedir='/usr/include'
prefix='/usr/local'
program_transform_name='s,x,x,'
sbindir='${exec_prefix}/sbin'
sharedstatedir='${prefix}/com'
sysconfdir='${prefix}/etc'
target_alias=''

## ----------- ##
## confdefs.h. ##
## ----------- ##

#define HAVE_ARPA_INET_H 1
#define HAVE_DLFCN_H 1
#define HAVE_GETIFADDRS 1
#define HAVE_IFADDRS_H 1
#define HAVE_INTTYPES_H 1
#define HAVE_LIBNSL 1
#define HAVE_LONG_DOUBLE 1
#define HAVE_LONG_LONG 1
#define HAVE_MEMORY_H 1
#define HAVE_NANOSLEEP 1
#define HAVE_NETDB_H 1
#define HAVE_NETINET_IN_H 1
#define HAVE_NET_IF_ARP_H 1
#define HAVE_NET_IF_H 1
#define HAVE_STDINT_H 1
#define HAVE_STDLIB_H 1
#define HAVE_STRINGS_H 1
#define HAVE_STRING_H 1
#define HAVE_SYS_IOCTL_H 1
#define HAVE_SYS_PARAM_H 1
#define HAVE_SYS_SOCKET_H 1
#define HAVE_SYS_STAT_H 1
#define HAVE_SYS_TIME_H 1
#define HAVE_SYS_TYPES_H 1
#define HAVE_SYS_TYPES_H 1
#define HAVE_UNISTD_H 1
#define PACKAGE_BUGREPORT ""
#define PACKAGE_NAME ""
#define PACKAGE_STRING ""
#define PACKAGE_TARNAME ""
#define PACKAGE_VERSION ""
#define SIZEOF_CHAR 1
#define SIZEOF_INT 4
#define SIZEOF_LONG 4
#define SIZEOF_LONG_LONG 8
#define SIZEOF_SHORT 2
#define SIZEOF_UNSIGNED_CHAR 1
#define SIZEOF_UNSIGNED_INT 4
#define SIZEOF_UNSIGNED_LONG 4
#define SIZEOF_UNSIGNED_LONG_LONG 8
#define SIZEOF_UNSIGNED_SHORT 2
#define STDC_HEADERS 1

configure: exit 0
